2025-09-29 09:07:29 - image_treatment - INFO - Initializing GenerateAFMOptico:
2025-09-29 09:07:29 - image_treatment - INFO -   Image Path: /home/arthur/lgcm/projects/Unet_AFM/data/input/optical_images_resized/2023.03.23-12.42.52_optico_crop_resized.png
2025-09-29 09:07:29 - image_treatment - INFO -   DataFrame Path: /home/arthur/lgcm/projects/Unet_AFM/data/input/Usefull_data/2023.03.23-12.42.52_UsefullData.tsv
2025-09-29 09:07:29 - image_treatment - INFO -   Target Column: Generic Segmentation
2025-09-29 09:07:29 - image_treatment - INFO -   Process Date Column: Process Date
2025-09-29 09:07:29 - image_treatment - INFO -   Height Column: Planned Height
2025-09-29 09:07:29 - image_treatment - INFO - GenerateAFMOptico initialized successfully.
2025-09-29 09:07:32 - image_treatment - INFO - Running generation for pre-process type: 'AFM-Only'
2025-09-29 09:07:35 - image_treatment - INFO - Selecting feature type based on pre_process: AFM-Only
2025-09-29 09:08:29 - image_treatment - INFO - Image and mask generation completed successfully.
2025-09-29 09:08:31 - image_treatment - INFO - Initializing GenerateAFMOptico:
2025-09-29 09:08:31 - image_treatment - INFO -   Image Path: /home/arthur/lgcm/projects/Unet_AFM/data/input/optical_images_resized/2023.03.22-16.33.15_optico_crop_resized.png
2025-09-29 09:08:31 - image_treatment - INFO -   DataFrame Path: /home/arthur/lgcm/projects/Unet_AFM/data/input/Usefull_data/2023.03.22-16.33.15_UsefullData.tsv
2025-09-29 09:08:31 - image_treatment - INFO -   Target Column: Generic Segmentation
2025-09-29 09:08:31 - image_treatment - INFO -   Process Date Column: Process Date
2025-09-29 09:08:31 - image_treatment - INFO -   Height Column: Planned Height
2025-09-29 09:08:31 - image_treatment - INFO - GenerateAFMOptico initialized successfully.
2025-09-29 09:08:32 - image_treatment - INFO - Running generation for pre-process type: 'AFM-Only'
2025-09-29 09:08:35 - image_treatment - INFO - Selecting feature type based on pre_process: AFM-Only
2025-09-29 09:09:14 - image_treatment - INFO - Image and mask generation completed successfully.
2025-09-29 09:09:16 - image_treatment - INFO - Initializing GenerateAFMOptico:
2025-09-29 09:09:16 - image_treatment - INFO -   Image Path: /home/arthur/lgcm/projects/Unet_AFM/data/input/optical_images_resized/2023.06.04-12.45.36_optico_crop_resized.png
2025-09-29 09:09:16 - image_treatment - INFO -   DataFrame Path: /home/arthur/lgcm/projects/Unet_AFM/data/input/Usefull_data/2023.06.04-12.45.36_UsefullData.tsv
2025-09-29 09:09:16 - image_treatment - INFO -   Target Column: Generic Segmentation
2025-09-29 09:09:16 - image_treatment - INFO -   Process Date Column: Process Date
2025-09-29 09:09:16 - image_treatment - INFO -   Height Column: Planned Height
2025-09-29 09:09:16 - image_treatment - INFO - GenerateAFMOptico initialized successfully.
2025-09-29 09:09:17 - image_treatment - INFO - Running generation for pre-process type: 'AFM-Only'
2025-09-29 09:09:22 - image_treatment - INFO - Selecting feature type based on pre_process: AFM-Only
